<?xml version="1.0" encoding="UTF-8"?>
<testng-results ignored="0" total="1" passed="1" failed="0" skipped="0">
  <reporter-output>
  </reporter-output>
  <suite started-at="2021-07-01T22:27:23 AEST" name="Default suite" finished-at="2021-07-01T22:28:18 AEST" duration-ms="54690">
    <groups>
    </groups>
    <test started-at="2021-07-01T22:27:23 AEST" name="Default test" finished-at="2021-07-01T22:28:18 AEST" duration-ms="54690">
      <class name="TestCase.LoginApplication">
        <test-method signature="Login()[pri:0, instance:TestCase.LoginApplication@29176cc1]" started-at="2021-07-01T22:27:23 AEST" name="Login" finished-at="2021-07-01T22:28:18 AEST" duration-ms="54611" status="PASS">
          <reporter-output>
          </reporter-output>
        </test-method> <!-- Login -->
      </class> <!-- TestCase.LoginApplication -->
    </test> <!-- Default test -->
  </suite> <!-- Default suite -->
</testng-results>
